# JRE version: OpenJDK Runtime Environment (8.0_152-b01) (build 1.8.0_152-release-915-b01)
# Java VM: OpenJDK 64-Bit Server VM (25.152-b01 mixed mode windows-amd64 compressed oops)
Heap:
 PSYoungGen      total 140800K, used 52251K [0x00000000eab00000, 0x00000000fae00000, 0x0000000100000000)
  eden space 130048K, 40% used [0x00000000eab00000,0x00000000ede06d38,0x00000000f2a00000)
  from space 10752K, 0% used [0x00000000f2a00000,0x00000000f2a00000,0x00000000f3480000)
  to   space 36864K, 0% used [0x00000000f8a00000,0x00000000f8a00000,0x00000000fae00000)
 ParOldGen       total 88064K, used 52959K [0x00000000c0000000, 0x00000000c5600000, 0x00000000eab00000)
  object space 88064K, 60% used [0x00000000c0000000,0x00000000c33b7fd0,0x00000000c5600000)
 Metaspace       used 46063K, capacity 46932K, committed 46976K, reserved 1089536K
  class space    used 5779K, capacity 5998K, committed 6016K, reserved 1048576K
GC Heap History (10 events):
Event: 5.280 GC heap before
{Heap before GC invocations=12 (full 4):
 PSYoungGen      total 140800K, used 126018K [0x00000000eab00000, 0x00000000fae00000, 0x0000000100000000)
  eden space 130048K, 88% used [0x00000000eab00000,0x00000000f1b90b10,0x00000000f2a00000)
  from space 10752K, 100% used [0x00000000f2a00000,0x00000000f3480000,0x00000000f3480000)
  to   space 36864K, 59% used [0x00000000f8a00000,0x00000000f9f90858,0x00000000fae00000)
 ParOldGen       total 88064K, used 58519K [0x00000000c0000000, 0x00000000c5600000, 0x00000000eab00000)
  object space 88064K, 66% used [0x00000000c0000000,0x00000000c3925f80,0x00000000c5600000)
 Metaspace       used 45344K, capacity 46070K, committed 46336K, reserved 1089536K
  class space    used 5682K, capacity 5873K, committed 5888K, reserved 1048576K
Event: 5.392 GC heap after
Heap after GC invocations=12 (full 4):
 PSYoungGen      total 140800K, used 0K [0x00000000eab00000, 0x00000000fae00000, 0x0000000100000000)
  eden space 130048K, 0% used [0x00000000eab00000,0x00000000eab00000,0x00000000f2a00000)
  from space 10752K, 0% used [0x00000000f2a00000,0x00000000f2a00000,0x00000000f3480000)
  to   space 36864K, 0% used [0x00000000f8a00000,0x00000000f8a00000,0x00000000fae00000)
 ParOldGen       total 88064K, used 64583K [0x00000000c0000000, 0x00000000c5600000, 0x00000000eab00000)
  object space 88064K, 73% used [0x00000000c0000000,0x00000000c3f11cf8,0x00000000c5600000)
 Metaspace       used 45344K, capacity 46070K, committed 46336K, reserved 1089536K
  class space    used 5682K, capacity 5873K, committed 5888K, reserved 1048576K
}
Event: 5.399 GC heap before
{Heap before GC invocations=13 (full 4):
 PSYoungGen      total 140800K, used 112973K [0x00000000eab00000, 0x00000000fae00000, 0x0000000100000000)
  eden space 130048K, 86% used [0x00000000eab00000,0x00000000f1953460,0x00000000f2a00000)
  from space 10752K, 0% used [0x00000000f2a00000,0x00000000f2a00000,0x00000000f3480000)
  to   space 36864K, 0% used [0x00000000f8a00000,0x00000000f8a00000,0x00000000fae00000)
 ParOldGen       total 88064K, used 64583K [0x00000000c0000000, 0x00000000c5600000, 0x00000000eab00000)
  object space 88064K, 73% used [0x00000000c0000000,0x00000000c3f11cf8,0x00000000c5600000)
 Metaspace       used 45354K, capacity 46094K, committed 46336K, reserved 1089536K
  class space    used 5685K, capacity 5877K, committed 5888K, reserved 1048576K
Event: 5.401 GC heap after
Heap after GC invocations=13 (full 4):
 PSYoungGen      total 140800K, used 112973K [0x00000000eab00000, 0x00000000fae00000, 0x0000000100000000)
  eden space 130048K, 86% used [0x00000000eab00000,0x00000000f1953460,0x00000000f2a00000)
  from space 10752K, 0% used [0x00000000f2a00000,0x00000000f2a00000,0x00000000f3480000)
  to   space 36864K, 28% used [0x00000000f8a00000,0x00000000f943c3a8,0x00000000fae00000)
 ParOldGen       total 88064K, used 64591K [0x00000000c0000000, 0x00000000c5600000, 0x00000000eab00000)
  object space 88064K, 73% used [0x00000000c0000000,0x00000000c3f13cf8,0x00000000c5600000)
 Metaspace       used 45354K, capacity 46094K, committed 46336K, reserved 1089536K
  class space    used 5685K, capacity 5877K, committed 5888K, reserved 1048576K
}
Event: 5.401 GC heap before
{Heap before GC invocations=14 (full 5):
 PSYoungGen      total 140800K, used 112973K [0x00000000eab00000, 0x00000000fae00000, 0x0000000100000000)
  eden space 130048K, 86% used [0x00000000eab00000,0x00000000f1953460,0x00000000f2a00000)
  from space 10752K, 0% used [0x00000000f2a00000,0x00000000f2a00000,0x00000000f3480000)
  to   space 36864K, 28% used [0x00000000f8a00000,0x00000000f943c3a8,0x00000000fae00000)
 ParOldGen       total 88064K, used 64591K [0x00000000c0000000, 0x00000000c5600000, 0x00000000eab00000)
  object space 88064K, 73% used [0x00000000c0000000,0x00000000c3f13cf8,0x00000000c5600000)
 Metaspace       used 45354K, capacity 46094K, committed 46336K, reserved 1089536K
  class space    used 5685K, capacity 5877K, committed 5888K, reserved 1048576K
Event: 5.479 GC heap after
Heap after GC invocations=14 (full 5):
 PSYoungGen      total 140800K, used 0K [0x00000000eab00000, 0x00000000fae00000, 0x0000000100000000)
  eden space 130048K, 0% used [0x00000000eab00000,0x00000000eab00000,0x00000000f2a00000)
  from space 10752K, 0% used [0x00000000f2a00000,0x00000000f2a00000,0x00000000f3480000)
  to   space 36864K, 0% used [0x00000000f8a00000,0x00000000f8a00000,0x00000000fae00000)
 ParOldGen       total 88064K, used 52606K [0x00000000c0000000, 0x00000000c5600000, 0x00000000eab00000)
  object space 88064K, 59% used [0x00000000c0000000,0x00000000c335fb78,0x00000000c5600000)
 Metaspace       used 45354K, capacity 46094K, committed 46336K, reserved 1089536K
  class space    used 5685K, capacity 5877K, committed 5888K, reserved 1048576K
}
Event: 5.508 GC heap before
{Heap before GC invocations=15 (full 5):
 PSYoungGen      total 140800K, used 113769K [0x00000000eab00000, 0x00000000fae00000, 0x0000000100000000)
  eden space 130048K, 87% used [0x00000000eab00000,0x00000000f1a1a5a8,0x00000000f2a00000)
  from space 10752K, 0% used [0x00000000f2a00000,0x00000000f2a00000,0x00000000f3480000)
  to   space 36864K, 0% used [0x00000000f8a00000,0x00000000f8a00000,0x00000000fae00000)
 ParOldGen       total 88064K, used 52606K [0x00000000c0000000, 0x00000000c5600000, 0x00000000eab00000)
  object space 88064K, 59% used [0x00000000c0000000,0x00000000c335fb78,0x00000000c5600000)
 Metaspace       used 45591K, capacity 46480K, committed 46720K, reserved 1089536K
  class space    used 5733K, capacity 5958K, committed 6016K, reserved 1048576K
Event: 5.510 GC heap after
Heap after GC invocations=15 (full 5):
 PSYoungGen      total 140800K, used 113769K [0x00000000eab00000, 0x00000000fae00000, 0x0000000100000000)
  eden space 130048K, 87% used [0x00000000eab00000,0x00000000f1a1a5a8,0x00000000f2a00000)
  from space 10752K, 0% used [0x00000000f2a00000,0x00000000f2a00000,0x00000000f3480000)
  to   space 36864K, 29% used [0x00000000f8a00000,0x00000000f9488c48,0x00000000fae00000)
 ParOldGen       total 88064K, used 52614K [0x00000000c0000000, 0x00000000c5600000, 0x00000000eab00000)
  object space 88064K, 59% used [0x00000000c0000000,0x00000000c3361b78,0x00000000c5600000)
 Metaspace       used 45591K, capacity 46480K, committed 46720K, reserved 1089536K
  class space    used 5733K, capacity 5958K, committed 6016K, reserved 1048576K
}
Event: 5.510 GC heap before
{Heap before GC invocations=16 (full 6):
 PSYoungGen      total 140800K, used 113769K [0x00000000eab00000, 0x00000000fae00000, 0x0000000100000000)
  eden space 130048K, 87% used [0x00000000eab00000,0x00000000f1a1a5a8,0x00000000f2a00000)
  from space 10752K, 0% used [0x00000000f2a00000,0x00000000f2a00000,0x00000000f3480000)
  to   space 36864K, 29% used [0x00000000f8a00000,0x00000000f9488c48,0x00000000fae00000)
 ParOldGen       total 88064K, used 52614K [0x00000000c0000000, 0x00000000c5600000, 0x00000000eab00000)
  object space 88064K, 59% used [0x00000000c0000000,0x00000000c3361b78,0x00000000c5600000)
 Metaspace       used 45591K, capacity 46480K, committed 46720K, reserved 1089536K
  class space    used 5733K, capacity 5958K, committed 6016K, reserved 1048576K
Event: 5.569 GC heap after
Heap after GC invocations=16 (full 6):
 PSYoungGen      total 140800K, used 0K [0x00000000eab00000, 0x00000000fae00000, 0x0000000100000000)
  eden space 130048K, 0% used [0x00000000eab00000,0x00000000eab00000,0x00000000f2a00000)
  from space 10752K, 0% used [0x00000000f2a00000,0x00000000f2a00000,0x00000000f3480000)
  to   space 36864K, 0% used [0x00000000f8a00000,0x00000000f8a00000,0x00000000fae00000)
 ParOldGen       total 88064K, used 52959K [0x00000000c0000000, 0x00000000c5600000, 0x00000000eab00000)
  object space 88064K, 60% used [0x00000000c0000000,0x00000000c33b7fd0,0x00000000c5600000)
 Metaspace       used 45591K, capacity 46480K, committed 46720K, reserved 1089536K
  class space    used 5733K, capacity 5958K, committed 6016K, reserved 1048576K
}

